app/build/intermediates/manifest_merge_blame_file/debug/manifest-merger-blame-debug-report.txt
1<?xml version="1.0" encoding="utf-8"?>
2<manifest xmlns:android="http://schemas.android.com/apk/res/android"
3    package="com.example.laundryapp"
4    android:versionCode="1"
5    android:versionName="1.0" >
6
7    <uses-sdk
8        android:minSdkVersion="24"
8-->src\main\AndroidManifest.xml
9        android:targetSdkVersion="33" />
9-->src\main\AndroidManifest.xml
10
11    <permission
11-->[androidx.core:core:1.9.0] AndroidManifest.xml:22:5-24:47
12        android:name="com.example.laundryapp.DYNAMIC_RECEIVER_NOT_EXPORTED_PERMISSION"
12-->[androidx.core:core:1.9.0] AndroidManifest.xml:23:9-81
13        android:protectionLevel="signature" />
13-->[androidx.core:core:1.9.0] AndroidManifest.xml:24:9-44
14
15    <uses-permission android:name="com.example.laundryapp.DYNAMIC_RECEIVER_NOT_EXPORTED_PERMISSION" />
15-->[androidx.core:core:1.9.0] AndroidManifest.xml:26:5-97
15-->[androidx.core:core:1.9.0] AndroidManifest.xml:26:22-94
16
17    <application
17-->src\main\AndroidManifest.xml:4:5-31:19
18        android:allowBackup="true"
18-->src\main\AndroidManifest.xml:5:9-35
19        android:appComponentFactory="androidx.core.app.CoreComponentFactory"
19-->[androidx.core:core:1.9.0] AndroidManifest.xml:28:18-86
20        android:debuggable="true"
21        android:extractNativeLibs="false"
22        android:icon="@mipmap/ic_launcher"
22-->src\main\AndroidManifest.xml:6:9-43
23        android:label="@string/app_name"
23-->src\main\AndroidManifest.xml:7:9-41
24        android:roundIcon="@mipmap/ic_launcher_round"
24-->src\main\AndroidManifest.xml:8:9-54
25        android:supportsRtl="true"
25-->src\main\AndroidManifest.xml:9:9-35
26        android:testOnly="true"
27        android:theme="@style/Theme.LaundryApp" >
27-->src\main\AndroidManifest.xml:10:9-48
28        <activity
28-->src\main\AndroidManifest.xml:11:9-13:20
29            android:name="com.example.laundryapp.SplashActivity"
29-->src\main\AndroidManifest.xml:11:19-49
30            android:exported="true"
30-->src\main\AndroidManifest.xml:11:50-73
31            android:theme="@style/Theme.LaundryApp.Splash" >
31-->src\main\AndroidManifest.xml:11:74-120
32            <intent-filter>
32-->src\main\AndroidManifest.xml:12:13-154
33                <action android:name="android.intent.action.MAIN" />
33-->src\main\AndroidManifest.xml:12:28-79
33-->src\main\AndroidManifest.xml:12:36-77
34
35                <category android:name="android.intent.category.LAUNCHER" />
35-->src\main\AndroidManifest.xml:12:79-138
35-->src\main\AndroidManifest.xml:12:89-136
36            </intent-filter>
37        </activity>
38        <activity
38-->src\main\AndroidManifest.xml:14:9-75
39            android:name="com.example.laundryapp.LoginActivity"
39-->src\main\AndroidManifest.xml:14:19-48
40            android:exported="false" />
40-->src\main\AndroidManifest.xml:14:49-73
41        <activity
41-->src\main\AndroidManifest.xml:15:9-78
42            android:name="com.example.laundryapp.RegisterActivity"
42-->src\main\AndroidManifest.xml:15:19-51
43            android:exported="false" />
43-->src\main\AndroidManifest.xml:15:52-76
44        <!-- Admin -->
45        <activity
45-->src\main\AndroidManifest.xml:17:9-84
46            android:name="com.example.laundryapp.AdminDashboardActivity"
46-->src\main\AndroidManifest.xml:17:19-57
47            android:exported="false" />
47-->src\main\AndroidManifest.xml:17:58-82
48        <activity
48-->src\main\AndroidManifest.xml:18:9-80
49            android:name="com.example.laundryapp.AdminOrderActivity"
49-->src\main\AndroidManifest.xml:18:19-53
50            android:exported="false" />
50-->src\main\AndroidManifest.xml:18:54-78
51        <activity
51-->src\main\AndroidManifest.xml:19:9-83
52            android:name="com.example.laundryapp.AdminCustomerActivity"
52-->src\main\AndroidManifest.xml:19:19-56
53            android:exported="false" />
53-->src\main\AndroidManifest.xml:19:57-81
54        <activity
54-->src\main\AndroidManifest.xml:20:9-82
55            android:name="com.example.laundryapp.AdminServiceActivity"
55-->src\main\AndroidManifest.xml:20:19-55
56            android:exported="false" />
56-->src\main\AndroidManifest.xml:20:56-80
57        <activity
57-->src\main\AndroidManifest.xml:21:9-81
58            android:name="com.example.laundryapp.AdminReportActivity"
58-->src\main\AndroidManifest.xml:21:19-54
59            android:exported="false" />
59-->src\main\AndroidManifest.xml:21:55-79
60        <activity
60-->src\main\AndroidManifest.xml:22:9-80
61            android:name="com.example.laundryapp.AdminPromoActivity"
61-->src\main\AndroidManifest.xml:22:19-53
62            android:exported="false" />
62-->src\main\AndroidManifest.xml:22:54-78
63        <activity
63-->src\main\AndroidManifest.xml:23:9-86
64            android:name="com.example.laundryapp.AdminManageAdminActivity"
64-->src\main\AndroidManifest.xml:23:19-59
65            android:exported="false" />
65-->src\main\AndroidManifest.xml:23:60-84
66        <!-- Customer -->
67        <activity
67-->src\main\AndroidManifest.xml:25:9-87
68            android:name="com.example.laundryapp.CustomerDashboardActivity"
68-->src\main\AndroidManifest.xml:25:19-60
69            android:exported="false" />
69-->src\main\AndroidManifest.xml:25:61-85
70        <activity
70-->src\main\AndroidManifest.xml:26:9-83
71            android:name="com.example.laundryapp.CustomerOrderActivity"
71-->src\main\AndroidManifest.xml:26:19-56
72            android:exported="false" />
72-->src\main\AndroidManifest.xml:26:57-81
73        <activity
73-->src\main\AndroidManifest.xml:27:9-85
74            android:name="com.example.laundryapp.CustomerHistoryActivity"
74-->src\main\AndroidManifest.xml:27:19-58
75            android:exported="false" />
75-->src\main\AndroidManifest.xml:27:59-83
76        <activity
76-->src\main\AndroidManifest.xml:28:9-77
77            android:name="com.example.laundryapp.ProfileActivity"
77-->src\main\AndroidManifest.xml:28:19-50
78            android:exported="false" />
78-->src\main\AndroidManifest.xml:28:51-75
79        <activity
79-->src\main\AndroidManifest.xml:29:9-82
80            android:name="com.example.laundryapp.NotificationActivity"
80-->src\main\AndroidManifest.xml:29:19-55
81            android:exported="false" />
81-->src\main\AndroidManifest.xml:29:56-80
82        <activity
82-->src\main\AndroidManifest.xml:30:9-76
83            android:name="com.example.laundryapp.RatingActivity"
83-->src\main\AndroidManifest.xml:30:19-49
84            android:exported="false" />
84-->src\main\AndroidManifest.xml:30:50-74
85
86        <provider
86-->[androidx.emoji2:emoji2:1.2.0] AndroidManifest.xml:24:9-32:20
87            android:name="androidx.startup.InitializationProvider"
87-->[androidx.emoji2:emoji2:1.2.0] AndroidManifest.xml:25:13-67
88            android:authorities="com.example.laundryapp.androidx-startup"
88-->[androidx.emoji2:emoji2:1.2.0] AndroidManifest.xml:26:13-68
89            android:exported="false" >
89-->[androidx.emoji2:emoji2:1.2.0] AndroidManifest.xml:27:13-37
90            <meta-data
90-->[androidx.emoji2:emoji2:1.2.0] AndroidManifest.xml:29:13-31:52
91                android:name="androidx.emoji2.text.EmojiCompatInitializer"
91-->[androidx.emoji2:emoji2:1.2.0] AndroidManifest.xml:30:17-75
92                android:value="androidx.startup" />
92-->[androidx.emoji2:emoji2:1.2.0] AndroidManifest.xml:31:17-49
93            <meta-data
93-->[androidx.lifecycle:lifecycle-process:2.4.1] AndroidManifest.xml:31:13-33:52
94                android:name="androidx.lifecycle.ProcessLifecycleInitializer"
94-->[androidx.lifecycle:lifecycle-process:2.4.1] AndroidManifest.xml:32:17-78
95                android:value="androidx.startup" />
95-->[androidx.lifecycle:lifecycle-process:2.4.1] AndroidManifest.xml:33:17-49
96        </provider>
97    </application>
98
99</manifest>